INFO: [VRFC 10-2263] Analyzing Verilog file "C:/Xilinx/IITB_RISC/IITB_RISC.srcs/sources_1/new/PC.v" into library xil_defaultlib
INFO: [VRFC 10-311] analyzing module PC
INFO: [VRFC 10-2263] Analyzing Verilog file "C:/Xilinx/IITB_RISC/IITB_RISC.srcs/sources_1/new/Instruction_Memory.v" into library xil_defaultlib
INFO: [VRFC 10-311] analyzing module Instruction_Memory
INFO: [VRFC 10-2263] Analyzing Verilog file "C:/Xilinx/IITB_RISC/IITB_RISC.srcs/sources_1/new/IF_ID_PR.v" into library xil_defaultlib
INFO: [VRFC 10-311] analyzing module IF_ID_PR
INFO: [VRFC 10-2263] Analyzing Verilog file "C:/Xilinx/IITB_RISC/IITB_RISC.srcs/sources_1/new/Instruction_Decoder.v" into library xil_defaultlib
INFO: [VRFC 10-311] analyzing module Instruction_Decoder
INFO: [VRFC 10-2263] Analyzing Verilog file "C:/Xilinx/IITB_RISC/IITB_RISC.srcs/sources_1/new/Sign_Extension.v" into library xil_defaultlib
INFO: [VRFC 10-311] analyzing module Sign_Extension
INFO: [VRFC 10-2263] Analyzing Verilog file "C:/Xilinx/IITB_RISC/IITB_RISC.srcs/sources_1/new/ID_RR_PR.v" into library xil_defaultlib
INFO: [VRFC 10-311] analyzing module ID_RR_PR
INFO: [VRFC 10-2263] Analyzing Verilog file "C:/Xilinx/IITB_RISC/IITB_RISC.srcs/sources_1/new/RR_Control.v" into library xil_defaultlib
INFO: [VRFC 10-311] analyzing module RR_Control
INFO: [VRFC 10-2263] Analyzing Verilog file "C:/Xilinx/IITB_RISC/IITB_RISC.srcs/sources_1/new/LM_and_SM_unit.v" into library xil_defaultlib
INFO: [VRFC 10-311] analyzing module LM_and_SM_unit
INFO: [VRFC 10-2263] Analyzing Verilog file "C:/Xilinx/IITB_RISC/IITB_RISC.srcs/sources_1/new/Branch_PC.v" into library xil_defaultlib
INFO: [VRFC 10-311] analyzing module Branch_PC
INFO: [VRFC 10-2263] Analyzing Verilog file "C:/Xilinx/IITB_RISC/IITB_RISC.srcs/sources_1/new/Comparator.v" into library xil_defaultlib
INFO: [VRFC 10-311] analyzing module Comparator
INFO: [VRFC 10-2263] Analyzing Verilog file "C:/Xilinx/IITB_RISC/IITB_RISC.srcs/sources_1/new/RR_EX_PR.v" into library xil_defaultlib
INFO: [VRFC 10-311] analyzing module RR_EX_PR
INFO: [VRFC 10-2263] Analyzing Verilog file "C:/Xilinx/IITB_RISC/IITB_RISC.srcs/sources_1/new/Registers.v" into library xil_defaultlib
INFO: [VRFC 10-311] analyzing module Registers
INFO: [VRFC 10-2263] Analyzing Verilog file "C:/Xilinx/IITB_RISC/IITB_RISC.srcs/sources_1/new/RB_select.v" into library xil_defaultlib
INFO: [VRFC 10-311] analyzing module RB_select
INFO: [VRFC 10-2263] Analyzing Verilog file "C:/Xilinx/IITB_RISC/IITB_RISC.srcs/sources_1/new/ALU_inputs.v" into library xil_defaultlib
INFO: [VRFC 10-311] analyzing module ALU_inputs
INFO: [VRFC 10-2263] Analyzing Verilog file "C:/Xilinx/IITB_RISC/IITB_RISC.srcs/sources_1/new/ALU.v" into library xil_defaultlib
INFO: [VRFC 10-311] analyzing module ALU
INFO: [VRFC 10-2263] Analyzing Verilog file "C:/Xilinx/IITB_RISC/IITB_RISC.srcs/sources_1/new/Carry_and_Zero_flag.v" into library xil_defaultlib
INFO: [VRFC 10-311] analyzing module Carry_and_Zero_flag
INFO: [VRFC 10-2263] Analyzing Verilog file "C:/Xilinx/IITB_RISC/IITB_RISC.srcs/sources_1/new/Reg_Write_Control.v" into library xil_defaultlib
INFO: [VRFC 10-311] analyzing module Reg_Write_Control
INFO: [VRFC 10-2263] Analyzing Verilog file "C:/Xilinx/IITB_RISC/IITB_RISC.srcs/sources_1/new/Destination_reg_select.v" into library xil_defaultlib
INFO: [VRFC 10-311] analyzing module Destination_reg_select
INFO: [VRFC 10-2263] Analyzing Verilog file "C:/Xilinx/IITB_RISC/IITB_RISC.srcs/sources_1/new/ALU_Control_unit.v" into library xil_defaultlib
INFO: [VRFC 10-311] analyzing module ALU_Control_unit
INFO: [VRFC 10-2263] Analyzing Verilog file "C:/Xilinx/IITB_RISC/IITB_RISC.srcs/sources_1/new/EX_MEM_PR.v" into library xil_defaultlib
INFO: [VRFC 10-311] analyzing module EX_MEM_PR
INFO: [VRFC 10-2263] Analyzing Verilog file "C:/Xilinx/IITB_RISC/IITB_RISC.srcs/sources_1/new/Forwarding_unit.v" into library xil_defaultlib
INFO: [VRFC 10-311] analyzing module Forwarding_unit
INFO: [VRFC 10-2263] Analyzing Verilog file "C:/Xilinx/IITB_RISC/IITB_RISC.srcs/sources_1/new/Data_memory.v" into library xil_defaultlib
INFO: [VRFC 10-311] analyzing module Data_memory
INFO: [VRFC 10-2263] Analyzing Verilog file "C:/Xilinx/IITB_RISC/IITB_RISC.srcs/sources_1/new/Write_Data_Select.v" into library xil_defaultlib
INFO: [VRFC 10-311] analyzing module Write_Data_Select
INFO: [VRFC 10-2263] Analyzing Verilog file "C:/Xilinx/IITB_RISC/IITB_RISC.srcs/sources_1/new/MEM_WB_PR.v" into library xil_defaultlib
INFO: [VRFC 10-311] analyzing module MEM_WB_PR
INFO: [VRFC 10-2263] Analyzing Verilog file "C:/Xilinx/IITB_RISC/IITB_RISC.srcs/sources_1/new/WB_mux.v" into library xil_defaultlib
INFO: [VRFC 10-311] analyzing module WB_mux
INFO: [VRFC 10-2263] Analyzing Verilog file "C:/Xilinx/IITB_RISC/IITB_RISC.srcs/sources_1/new/Special_Control.v" into library xil_defaultlib
INFO: [VRFC 10-311] analyzing module Special_Control
INFO: [VRFC 10-2263] Analyzing Verilog file "C:/Xilinx/IITB_RISC/IITB_RISC.srcs/sources_1/new/Special_2_Control.v" into library xil_defaultlib
INFO: [VRFC 10-311] analyzing module Special_2_Control
INFO: [VRFC 10-2263] Analyzing Verilog file "C:/Xilinx/IITB_RISC/IITB_RISC.srcs/sources_1/new/Hazard_Detection_Unit.v" into library xil_defaultlib
INFO: [VRFC 10-311] analyzing module Hazard_Detection_Unit
INFO: [VRFC 10-2263] Analyzing Verilog file "C:/Xilinx/IITB_RISC/IITB_RISC.srcs/sources_1/new/RR_Forwarding_Unit.v" into library xil_defaultlib
INFO: [VRFC 10-311] analyzing module RR_Forwarding_Unit
INFO: [VRFC 10-2263] Analyzing Verilog file "C:/Xilinx/IITB_RISC/IITB_RISC.srcs/sources_1/new/CZ_Control_Unit.v" into library xil_defaultlib
INFO: [VRFC 10-311] analyzing module CZ_Control_Unit
INFO: [VRFC 10-2263] Analyzing Verilog file "C:/Xilinx/IITB_RISC/IITB_RISC.srcs/sources_1/bd/IITB_RISC/ip/IITB_RISC_PC_0_0/sim/IITB_RISC_PC_0_0.v" into library xil_defaultlib
INFO: [VRFC 10-311] analyzing module IITB_RISC_PC_0_0
INFO: [VRFC 10-2263] Analyzing Verilog file "C:/Xilinx/IITB_RISC/IITB_RISC.srcs/sources_1/bd/IITB_RISC/ip/IITB_RISC_Instruction_Memory_0_0/sim/IITB_RISC_Instruction_Memory_0_0.v" into library xil_defaultlib
INFO: [VRFC 10-311] analyzing module IITB_RISC_Instruction_Memory_0_0
INFO: [VRFC 10-2263] Analyzing Verilog file "C:/Xilinx/IITB_RISC/IITB_RISC.srcs/sources_1/bd/IITB_RISC/ip/IITB_RISC_IF_ID_PR_0_1/sim/IITB_RISC_IF_ID_PR_0_1.v" into library xil_defaultlib
INFO: [VRFC 10-311] analyzing module IITB_RISC_IF_ID_PR_0_1
INFO: [VRFC 10-2263] Analyzing Verilog file "C:/Xilinx/IITB_RISC/IITB_RISC.srcs/sources_1/bd/IITB_RISC/ip/IITB_RISC_Instruction_Decoder_0_0/sim/IITB_RISC_Instruction_Decoder_0_0.v" into library xil_defaultlib
INFO: [VRFC 10-311] analyzing module IITB_RISC_Instruction_Decoder_0_0
INFO: [VRFC 10-2263] Analyzing Verilog file "C:/Xilinx/IITB_RISC/IITB_RISC.srcs/sources_1/bd/IITB_RISC/ip/IITB_RISC_Sign_Extension_0_0/sim/IITB_RISC_Sign_Extension_0_0.v" into library xil_defaultlib
INFO: [VRFC 10-311] analyzing module IITB_RISC_Sign_Extension_0_0
INFO: [VRFC 10-2263] Analyzing Verilog file "C:/Xilinx/IITB_RISC/IITB_RISC.srcs/sources_1/bd/IITB_RISC/ip/IITB_RISC_ID_RR_PR_0_0/sim/IITB_RISC_ID_RR_PR_0_0.v" into library xil_defaultlib
INFO: [VRFC 10-311] analyzing module IITB_RISC_ID_RR_PR_0_0
INFO: [VRFC 10-2263] Analyzing Verilog file "C:/Xilinx/IITB_RISC/IITB_RISC.srcs/sources_1/bd/IITB_RISC/ip/IITB_RISC_RR_Control_0_0/sim/IITB_RISC_RR_Control_0_0.v" into library xil_defaultlib
INFO: [VRFC 10-311] analyzing module IITB_RISC_RR_Control_0_0
INFO: [VRFC 10-2263] Analyzing Verilog file "C:/Xilinx/IITB_RISC/IITB_RISC.srcs/sources_1/bd/IITB_RISC/ip/IITB_RISC_LM_and_SM_unit_0_0/sim/IITB_RISC_LM_and_SM_unit_0_0.v" into library xil_defaultlib
INFO: [VRFC 10-311] analyzing module IITB_RISC_LM_and_SM_unit_0_0
INFO: [VRFC 10-2263] Analyzing Verilog file "C:/Xilinx/IITB_RISC/IITB_RISC.srcs/sources_1/bd/IITB_RISC/ip/IITB_RISC_Branch_PC_0_0/sim/IITB_RISC_Branch_PC_0_0.v" into library xil_defaultlib
INFO: [VRFC 10-311] analyzing module IITB_RISC_Branch_PC_0_0
INFO: [VRFC 10-2263] Analyzing Verilog file "C:/Xilinx/IITB_RISC/IITB_RISC.srcs/sources_1/bd/IITB_RISC/ip/IITB_RISC_Comparator_0_0/sim/IITB_RISC_Comparator_0_0.v" into library xil_defaultlib
INFO: [VRFC 10-311] analyzing module IITB_RISC_Comparator_0_0
INFO: [VRFC 10-2263] Analyzing Verilog file "C:/Xilinx/IITB_RISC/IITB_RISC.srcs/sources_1/bd/IITB_RISC/ip/IITB_RISC_RR_EX_PR_0_0/sim/IITB_RISC_RR_EX_PR_0_0.v" into library xil_defaultlib
INFO: [VRFC 10-311] analyzing module IITB_RISC_RR_EX_PR_0_0
INFO: [VRFC 10-2263] Analyzing Verilog file "C:/Xilinx/IITB_RISC/IITB_RISC.srcs/sources_1/bd/IITB_RISC/ip/IITB_RISC_Registers_0_5/sim/IITB_RISC_Registers_0_5.v" into library xil_defaultlib
INFO: [VRFC 10-311] analyzing module IITB_RISC_Registers_0_5
INFO: [VRFC 10-2263] Analyzing Verilog file "C:/Xilinx/IITB_RISC/IITB_RISC.srcs/sources_1/bd/IITB_RISC/ip/IITB_RISC_RB_select_0_1/sim/IITB_RISC_RB_select_0_1.v" into library xil_defaultlib
INFO: [VRFC 10-311] analyzing module IITB_RISC_RB_select_0_1
INFO: [VRFC 10-2263] Analyzing Verilog file "C:/Xilinx/IITB_RISC/IITB_RISC.srcs/sources_1/bd/IITB_RISC/ip/IITB_RISC_ALU_inputs_0_0/sim/IITB_RISC_ALU_inputs_0_0.v" into library xil_defaultlib
INFO: [VRFC 10-311] analyzing module IITB_RISC_ALU_inputs_0_0
INFO: [VRFC 10-2263] Analyzing Verilog file "C:/Xilinx/IITB_RISC/IITB_RISC.srcs/sources_1/bd/IITB_RISC/ip/IITB_RISC_ALU_0_0/sim/IITB_RISC_ALU_0_0.v" into library xil_defaultlib
INFO: [VRFC 10-311] analyzing module IITB_RISC_ALU_0_0
INFO: [VRFC 10-2263] Analyzing Verilog file "C:/Xilinx/IITB_RISC/IITB_RISC.srcs/sources_1/bd/IITB_RISC/ip/IITB_RISC_Carry_and_Zero_flag_0_0/sim/IITB_RISC_Carry_and_Zero_flag_0_0.v" into library xil_defaultlib
INFO: [VRFC 10-311] analyzing module IITB_RISC_Carry_and_Zero_flag_0_0
INFO: [VRFC 10-2263] Analyzing Verilog file "C:/Xilinx/IITB_RISC/IITB_RISC.srcs/sources_1/bd/IITB_RISC/ip/IITB_RISC_Reg_Write_Control_0_0/sim/IITB_RISC_Reg_Write_Control_0_0.v" into library xil_defaultlib
INFO: [VRFC 10-311] analyzing module IITB_RISC_Reg_Write_Control_0_0
INFO: [VRFC 10-2263] Analyzing Verilog file "C:/Xilinx/IITB_RISC/IITB_RISC.srcs/sources_1/bd/IITB_RISC/ip/IITB_RISC_Destination_reg_sele_0_0/sim/IITB_RISC_Destination_reg_sele_0_0.v" into library xil_defaultlib
INFO: [VRFC 10-311] analyzing module IITB_RISC_Destination_reg_sele_0_0
INFO: [VRFC 10-2263] Analyzing Verilog file "C:/Xilinx/IITB_RISC/IITB_RISC.srcs/sources_1/bd/IITB_RISC/ip/IITB_RISC_ALU_Control_unit_0_0/sim/IITB_RISC_ALU_Control_unit_0_0.v" into library xil_defaultlib
INFO: [VRFC 10-311] analyzing module IITB_RISC_ALU_Control_unit_0_0
INFO: [VRFC 10-2263] Analyzing Verilog file "C:/Xilinx/IITB_RISC/IITB_RISC.srcs/sources_1/bd/IITB_RISC/ip/IITB_RISC_EX_MEM_PR_0_0/sim/IITB_RISC_EX_MEM_PR_0_0.v" into library xil_defaultlib
INFO: [VRFC 10-311] analyzing module IITB_RISC_EX_MEM_PR_0_0
INFO: [VRFC 10-2263] Analyzing Verilog file "C:/Xilinx/IITB_RISC/IITB_RISC.srcs/sources_1/bd/IITB_RISC/ip/IITB_RISC_Forwarding_unit_0_0/sim/IITB_RISC_Forwarding_unit_0_0.v" into library xil_defaultlib
INFO: [VRFC 10-311] analyzing module IITB_RISC_Forwarding_unit_0_0
INFO: [VRFC 10-2263] Analyzing Verilog file "C:/Xilinx/IITB_RISC/IITB_RISC.srcs/sources_1/bd/IITB_RISC/ip/IITB_RISC_Data_memory_0_0/sim/IITB_RISC_Data_memory_0_0.v" into library xil_defaultlib
INFO: [VRFC 10-311] analyzing module IITB_RISC_Data_memory_0_0
INFO: [VRFC 10-2263] Analyzing Verilog file "C:/Xilinx/IITB_RISC/IITB_RISC.srcs/sources_1/bd/IITB_RISC/ip/IITB_RISC_Write_Data_Select_0_0/sim/IITB_RISC_Write_Data_Select_0_0.v" into library xil_defaultlib
INFO: [VRFC 10-311] analyzing module IITB_RISC_Write_Data_Select_0_0
INFO: [VRFC 10-2263] Analyzing Verilog file "C:/Xilinx/IITB_RISC/IITB_RISC.srcs/sources_1/bd/IITB_RISC/ip/IITB_RISC_MEM_WB_PR_0_0/sim/IITB_RISC_MEM_WB_PR_0_0.v" into library xil_defaultlib
INFO: [VRFC 10-311] analyzing module IITB_RISC_MEM_WB_PR_0_0
INFO: [VRFC 10-2263] Analyzing Verilog file "C:/Xilinx/IITB_RISC/IITB_RISC.srcs/sources_1/bd/IITB_RISC/ip/IITB_RISC_WB_mux_0_0/sim/IITB_RISC_WB_mux_0_0.v" into library xil_defaultlib
INFO: [VRFC 10-311] analyzing module IITB_RISC_WB_mux_0_0
INFO: [VRFC 10-2263] Analyzing Verilog file "C:/Xilinx/IITB_RISC/IITB_RISC.srcs/sources_1/bd/IITB_RISC/ip/IITB_RISC_Special_Control_0_0/sim/IITB_RISC_Special_Control_0_0.v" into library xil_defaultlib
INFO: [VRFC 10-311] analyzing module IITB_RISC_Special_Control_0_0
INFO: [VRFC 10-2263] Analyzing Verilog file "C:/Xilinx/IITB_RISC/IITB_RISC.srcs/sources_1/bd/IITB_RISC/ip/IITB_RISC_Special_2_Control_0_0/sim/IITB_RISC_Special_2_Control_0_0.v" into library xil_defaultlib
INFO: [VRFC 10-311] analyzing module IITB_RISC_Special_2_Control_0_0
INFO: [VRFC 10-2263] Analyzing Verilog file "C:/Xilinx/IITB_RISC/IITB_RISC.srcs/sources_1/bd/IITB_RISC/ip/IITB_RISC_Hazard_Detection_Unit_0_0/sim/IITB_RISC_Hazard_Detection_Unit_0_0.v" into library xil_defaultlib
INFO: [VRFC 10-311] analyzing module IITB_RISC_Hazard_Detection_Unit_0_0
INFO: [VRFC 10-2263] Analyzing Verilog file "C:/Xilinx/IITB_RISC/IITB_RISC.srcs/sources_1/bd/IITB_RISC/ip/IITB_RISC_xlconstant_0_0/sim/IITB_RISC_xlconstant_0_0.v" into library xil_defaultlib
INFO: [VRFC 10-311] analyzing module IITB_RISC_xlconstant_0_0
INFO: [VRFC 10-2263] Analyzing Verilog file "C:/Xilinx/IITB_RISC/IITB_RISC.srcs/sources_1/bd/IITB_RISC/ip/IITB_RISC_xlconstant_0_1/sim/IITB_RISC_xlconstant_0_1.v" into library xil_defaultlib
INFO: [VRFC 10-311] analyzing module IITB_RISC_xlconstant_0_1
INFO: [VRFC 10-2263] Analyzing Verilog file "C:/Xilinx/IITB_RISC/IITB_RISC.srcs/sources_1/bd/IITB_RISC/ip/IITB_RISC_xlconstant_0_2/sim/IITB_RISC_xlconstant_0_2.v" into library xil_defaultlib
INFO: [VRFC 10-311] analyzing module IITB_RISC_xlconstant_0_2
INFO: [VRFC 10-2263] Analyzing Verilog file "C:/Xilinx/IITB_RISC/IITB_RISC.srcs/sources_1/bd/IITB_RISC/ip/IITB_RISC_RR_Forwarding_Unit_0_0/sim/IITB_RISC_RR_Forwarding_Unit_0_0.v" into library xil_defaultlib
INFO: [VRFC 10-311] analyzing module IITB_RISC_RR_Forwarding_Unit_0_0
INFO: [VRFC 10-2263] Analyzing Verilog file "C:/Xilinx/IITB_RISC/IITB_RISC.srcs/sources_1/bd/IITB_RISC/ip/IITB_RISC_CZ_Control_Unit_0_0/sim/IITB_RISC_CZ_Control_Unit_0_0.v" into library xil_defaultlib
INFO: [VRFC 10-311] analyzing module IITB_RISC_CZ_Control_Unit_0_0
INFO: [VRFC 10-2263] Analyzing Verilog file "C:/Xilinx/IITB_RISC/IITB_RISC.srcs/sources_1/bd/IITB_RISC/sim/IITB_RISC.v" into library xil_defaultlib
INFO: [VRFC 10-311] analyzing module IITB_RISC
INFO: [VRFC 10-2263] Analyzing Verilog file "C:/Xilinx/IITB_RISC/IITB_RISC.srcs/sources_1/bd/IITB_RISC/hdl/IITB_RISC_wrapper.v" into library xil_defaultlib
INFO: [VRFC 10-311] analyzing module IITB_RISC_wrapper
INFO: [VRFC 10-2263] Analyzing Verilog file "C:/Xilinx/IITB_RISC/IITB_RISC.srcs/sim_1/new/testbench.v" into library xil_defaultlib
INFO: [VRFC 10-311] analyzing module testbench
